C:\USERS\ADMIN\DESKTOP\CMK3DVEHTRK\CMK3DVEHTRK\X64\DEBUG\BASICBGSUB.OBJ
C:\Users\admin\Desktop\CMK3dVehTrk\CMK3dVehTrk\x64\Debug\cl.command.1.tlog
C:\Users\admin\Desktop\CMK3dVehTrk\CMK3dVehTrk\x64\Debug\CL.read.1.tlog
C:\Users\admin\Desktop\CMK3dVehTrk\CMK3dVehTrk\x64\Debug\CL.write.1.tlog
C:\Users\admin\Desktop\CMK3dVehTrk\CMK3dVehTrk\x64\Debug\CMK3dVehTrk.write.1.tlog
C:\USERS\ADMIN\DESKTOP\CMK3DVEHTRK\CMK3DVEHTRK\X64\DEBUG\DEFORMABLEMODEL.OBJ
C:\USERS\ADMIN\DESKTOP\CMK3DVEHTRK\CMK3DVEHTRK\X64\DEBUG\FGOBJINFO.OBJ
C:\USERS\ADMIN\DESKTOP\CMK3DVEHTRK\CMK3DVEHTRK\X64\DEBUG\INIFILE.OBJ
C:\USERS\ADMIN\DESKTOP\CMK3DVEHTRK\CMK3DVEHTRK\X64\DEBUG\KALMANFILTER.OBJ
C:\USERS\ADMIN\DESKTOP\CMK3DVEHTRK\CMK3DVEHTRK\X64\DEBUG\KERNELTRACKER.OBJ
C:\Users\admin\Desktop\CMK3dVehTrk\CMK3dVehTrk\x64\Debug\lib.command.1.tlog
C:\Users\admin\Desktop\CMK3dVehTrk\CMK3dVehTrk\x64\Debug\Lib-link.read.1.tlog
C:\Users\admin\Desktop\CMK3dVehTrk\CMK3dVehTrk\x64\Debug\Lib-link.write.1.tlog
C:\USERS\ADMIN\DESKTOP\CMK3DVEHTRK\CMK3DVEHTRK\X64\DEBUG\LOGTOOL.OBJ
C:\USERS\ADMIN\DESKTOP\CMK3DVEHTRK\CMK3DVEHTRK\X64\DEBUG\SEGMENTATION.OBJ
C:\USERS\ADMIN\DESKTOP\CMK3DVEHTRK\CMK3DVEHTRK\X64\DEBUG\SHAPEFITTING.OBJ
C:\USERS\ADMIN\DESKTOP\CMK3DVEHTRK\CMK3DVEHTRK\X64\DEBUG\TRACKER.OBJ
C:\USERS\ADMIN\DESKTOP\CMK3DVEHTRK\CMK3DVEHTRK\X64\DEBUG\TRACKING.OBJ
C:\Users\admin\Desktop\CMK3dVehTrk\CMK3dVehTrk\x64\Debug\vc100.idb
C:\USERS\ADMIN\DESKTOP\CMK3DVEHTRK\CMK3DVEHTRK\X64\DEBUG\VC100.PDB
C:\USERS\ADMIN\DESKTOP\CMK3DVEHTRK\CMK3DVEHTRK\X64\DEBUG\VEHICLESHAPEFITTING.OBJ
C:\USERS\ADMIN\DESKTOP\CMK3DVEHTRK\X64\DEBUG\CMK3DVEHTRK.LIB
