C:\USERS\ADMIN\DESKTOP\CMK3DVEHTRK\CMK3DVEHTRKAPI\BIN\CMK3DVEHTRKAPI.EXE
C:\USERS\ADMIN\DESKTOP\CMK3DVEHTRK\CMK3DVEHTRKAPI\BIN\CMK3DVEHTRKAPI.ILK
C:\Users\admin\Desktop\CMK3dVehTrk\CMK3dVehTrkAPI\x64\Debug\cl.command.1.tlog
C:\Users\admin\Desktop\CMK3dVehTrk\CMK3dVehTrkAPI\x64\Debug\CL.read.1.tlog
C:\Users\admin\Desktop\CMK3dVehTrk\CMK3dVehTrkAPI\x64\Debug\CL.write.1.tlog
C:\USERS\ADMIN\DESKTOP\CMK3DVEHTRK\CMK3DVEHTRKAPI\X64\DEBUG\CMK3DVEHTRKAPI.EXE.EMBED.MANIFEST
C:\USERS\ADMIN\DESKTOP\CMK3DVEHTRK\CMK3DVEHTRKAPI\X64\DEBUG\CMK3DVEHTRKAPI.EXE.EMBED.MANIFEST.RES
C:\USERS\ADMIN\DESKTOP\CMK3DVEHTRK\CMK3DVEHTRKAPI\X64\DEBUG\CMK3DVEHTRKAPI.EXE.INTERMEDIATE.MANIFEST
C:\Users\admin\Desktop\CMK3dVehTrk\CMK3dVehTrkAPI\x64\Debug\CMK3dVehTrkAPI.write.1.tlog
C:\Users\admin\Desktop\CMK3dVehTrk\CMK3dVehTrkAPI\x64\Debug\CMK3dVehTrkAPI_manifest.rc
C:\USERS\ADMIN\DESKTOP\CMK3DVEHTRK\CMK3DVEHTRKAPI\X64\DEBUG\INDVEHICLETRACKING.OBJ
C:\Users\admin\Desktop\CMK3dVehTrk\CMK3dVehTrkAPI\x64\Debug\link.9976.read.1.tlog
C:\Users\admin\Desktop\CMK3dVehTrk\CMK3dVehTrkAPI\x64\Debug\link.9976.write.1.tlog
C:\Users\admin\Desktop\CMK3dVehTrk\CMK3dVehTrkAPI\x64\Debug\link.9976-cvtres.read.1.tlog
C:\Users\admin\Desktop\CMK3dVehTrk\CMK3dVehTrkAPI\x64\Debug\link.9976-cvtres.write.1.tlog
C:\Users\admin\Desktop\CMK3dVehTrk\CMK3dVehTrkAPI\x64\Debug\link.command.1.tlog
C:\Users\admin\Desktop\CMK3dVehTrk\CMK3dVehTrkAPI\x64\Debug\link.read.1.tlog
C:\Users\admin\Desktop\CMK3dVehTrk\CMK3dVehTrkAPI\x64\Debug\link.write.1.tlog
C:\Users\admin\Desktop\CMK3dVehTrk\CMK3dVehTrkAPI\x64\Debug\link-cvtres.read.1.tlog
C:\Users\admin\Desktop\CMK3dVehTrk\CMK3dVehTrkAPI\x64\Debug\link-cvtres.write.1.tlog
C:\USERS\ADMIN\DESKTOP\CMK3DVEHTRK\CMK3DVEHTRKAPI\X64\DEBUG\MAIN.OBJ
C:\Users\admin\Desktop\CMK3dVehTrk\CMK3dVehTrkAPI\x64\Debug\mt.command.1.tlog
C:\Users\admin\Desktop\CMK3dVehTrk\CMK3dVehTrkAPI\x64\Debug\mt.read.1.tlog
C:\Users\admin\Desktop\CMK3dVehTrk\CMK3dVehTrkAPI\x64\Debug\mt.write.1.tlog
C:\Users\admin\Desktop\CMK3dVehTrk\CMK3dVehTrkAPI\x64\Debug\rc.command.1.tlog
C:\Users\admin\Desktop\CMK3dVehTrk\CMK3dVehTrkAPI\x64\Debug\rc.read.1.tlog
C:\Users\admin\Desktop\CMK3dVehTrk\CMK3dVehTrkAPI\x64\Debug\rc.write.1.tlog
C:\Users\admin\Desktop\CMK3dVehTrk\CMK3dVehTrkAPI\x64\Debug\vc100.idb
C:\USERS\ADMIN\DESKTOP\CMK3DVEHTRK\CMK3DVEHTRKAPI\X64\DEBUG\VC100.PDB
C:\Users\admin\Desktop\CMK3dVehTrk\x64\Debug\CMK3dVehTrkAPI.exp
C:\Users\admin\Desktop\CMK3dVehTrk\x64\Debug\CMK3dVehTrkAPI.lib
C:\USERS\ADMIN\DESKTOP\CMK3DVEHTRK\X64\DEBUG\CMK3DVEHTRKAPI.PDB
