Build started 8/22/2017 1:27:52 AM.
     1>Project "C:\Users\admin\Desktop\CMK3dVehTrk\CMK3dVehTrkAPI\CMK3dVehTrkAPI.vcxproj" on node 2 (rebuild target(s)).
     1>_PrepareForClean:
         Deleting file "x64\Debug\CMK3dVehTrkAPI.lastbuildstate".
       InitializeBuildStatus:
         Creating "x64\Debug\CMK3dVehTrkAPI.unsuccessfulbuild" because "AlwaysCreate" was specified.
       ClCompile:
         c:\Program Files (x86)\Microsoft Visual Studio 10.0\VC\bin\x86_amd64\CL.exe /c /Zi /nologo /W3 /WX- /Od /D WIN32 /D _DEBUG /D _CONSOLE /D _UNICODE /D UNICODE /Gm /EHsc /RTC1 /MDd /GS /fp:precise /Zc:wchar_t /Zc:forScope /Fo"x64\Debug\\" /Fd"x64\Debug\vc100.pdb" /Gd /TP /errorReport:prompt src\IndVehicleTracking.cpp src\main.cpp
         main.cpp
     1>src\main.cpp(195): warning C4102: 'error' : unreferenced label
         IndVehicleTracking.cpp
     1>c:\opencv-2.4.3\include\opencv2\flann\logger.h(66): warning C4996: 'fopen': This function or variable may be unsafe. Consider using fopen_s instead. To disable deprecation, use _CRT_SECURE_NO_WARNINGS. See online help for details.
                 c:\Program Files (x86)\Microsoft Visual Studio 10.0\VC\include\stdio.h(234) : see declaration of 'fopen'
     1>C:\OpenCV-2.4.3\include\opencv2/legacy/blobtrack.hpp(187): warning C4996: 'strcpy': This function or variable may be unsafe. Consider using strcpy_s instead. To disable deprecation, use _CRT_SECURE_NO_WARNINGS. See online help for details.
                 c:\Program Files (x86)\Microsoft Visual Studio 10.0\VC\include\string.h(105) : see declaration of 'strcpy'
     1>C:\OpenCV-2.4.3\include\opencv2/legacy/blobtrack.hpp(256): warning C4996: 'strcat': This function or variable may be unsafe. Consider using strcat_s instead. To disable deprecation, use _CRT_SECURE_NO_WARNINGS. See online help for details.
                 c:\Program Files (x86)\Microsoft Visual Studio 10.0\VC\include\string.h(110) : see declaration of 'strcat'
     1>c:\users\admin\desktop\cmk3dvehtrk\cmk3dvehtrkapi\src\GeneralDef.h(21): warning C4996: 'fopen': This function or variable may be unsafe. Consider using fopen_s instead. To disable deprecation, use _CRT_SECURE_NO_WARNINGS. See online help for details.
                 c:\Program Files (x86)\Microsoft Visual Studio 10.0\VC\include\stdio.h(234) : see declaration of 'fopen'
         Generating Code...
       ManifestResourceCompile:
         c:\Program Files (x86)\Microsoft SDKs\Windows\v7.0A\bin\rc.exe /nologo /fo"x64\Debug\CMK3dVehTrkAPI.exe.embed.manifest.res" x64\Debug\CMK3dVehTrkAPI_manifest.rc 
     1>C:\Program Files (x86)\MSBuild\Microsoft.Cpp\v4.0\Microsoft.CppBuild.targets(990,5): warning MSB8012: TargetPath(C:\Users\admin\Desktop\CMK3dVehTrk\x64\Debug\CMK3dVehTrkAPI.exe) does not match the Linker's OutputFile property value (C:\Users\admin\Desktop\CMK3dVehTrk\CMK3dVehTrkAPI\bin\CMK3dVehTrkAPI.exe). This may cause your project to build incorrectly. To correct this, please make sure that $(OutDir), $(TargetName) and $(TargetExt) property values match the value specified in %(Link.OutputFile).
       Link:
         c:\Program Files (x86)\Microsoft Visual Studio 10.0\VC\bin\x86_amd64\link.exe /ERRORREPORT:PROMPT /OUT:".\bin\CMK3dVehTrkAPI.exe" /INCREMENTAL /NOLOGO kernel32.lib user32.lib gdi32.lib winspool.lib comdlg32.lib advapi32.lib shell32.lib ole32.lib oleaut32.lib uuid.lib odbc32.lib odbccp32.lib /MANIFEST /ManifestFile:"x64\Debug\CMK3dVehTrkAPI.exe.intermediate.manifest" /MANIFESTUAC:"level='asInvoker' uiAccess='false'" /DEBUG /PDB:"C:\Users\admin\Desktop\CMK3dVehTrk\x64\Debug\CMK3dVehTrkAPI.pdb" /SUBSYSTEM:CONSOLE /TLBID:1 /DYNAMICBASE /NXCOMPAT /IMPLIB:"C:\Users\admin\Desktop\CMK3dVehTrk\x64\Debug\CMK3dVehTrkAPI.lib" /MACHINE:X64 x64\Debug\CMK3dVehTrkAPI.exe.embed.manifest.res
         x64\Debug\IndVehicleTracking.obj
         x64\Debug\main.obj
         C:\Users\admin\Desktop\CMK3dVehTrk\x64\Debug\CMK3dVehTrk.lib
            Creating library C:\Users\admin\Desktop\CMK3dVehTrk\x64\Debug\CMK3dVehTrkAPI.lib and object C:\Users\admin\Desktop\CMK3dVehTrk\x64\Debug\CMK3dVehTrkAPI.exp
         CMK3dVehTrkAPI.vcxproj -> C:\Users\admin\Desktop\CMK3dVehTrk\x64\Debug\CMK3dVehTrkAPI.exe
       Manifest:
         Deleting file "x64\Debug\CMK3dVehTrkAPI.exe.embed.manifest".
         c:\Program Files (x86)\Microsoft SDKs\Windows\v7.0A\bin\mt.exe /nologo /verbose /out:"x64\Debug\CMK3dVehTrkAPI.exe.embed.manifest" /manifest x64\Debug\CMK3dVehTrkAPI.exe.intermediate.manifest
         c:\Program Files (x86)\Microsoft SDKs\Windows\v7.0A\bin\rc.exe /nologo /fo"x64\Debug\CMK3dVehTrkAPI.exe.embed.manifest.res" x64\Debug\CMK3dVehTrkAPI_manifest.rc 
       LinkEmbedManifest:
         c:\Program Files (x86)\Microsoft Visual Studio 10.0\VC\bin\x86_amd64\link.exe /ERRORREPORT:PROMPT /OUT:".\bin\CMK3dVehTrkAPI.exe" /INCREMENTAL /NOLOGO kernel32.lib user32.lib gdi32.lib winspool.lib comdlg32.lib advapi32.lib shell32.lib ole32.lib oleaut32.lib uuid.lib odbc32.lib odbccp32.lib /MANIFEST /ManifestFile:"x64\Debug\CMK3dVehTrkAPI.exe.intermediate.manifest" /MANIFESTUAC:"level='asInvoker' uiAccess='false'" /DEBUG /PDB:"C:\Users\admin\Desktop\CMK3dVehTrk\x64\Debug\CMK3dVehTrkAPI.pdb" /SUBSYSTEM:CONSOLE /TLBID:1 /DYNAMICBASE /NXCOMPAT /IMPLIB:"C:\Users\admin\Desktop\CMK3dVehTrk\x64\Debug\CMK3dVehTrkAPI.lib" /MACHINE:X64 x64\Debug\CMK3dVehTrkAPI.exe.embed.manifest.res
         x64\Debug\IndVehicleTracking.obj
         x64\Debug\main.obj
         C:\Users\admin\Desktop\CMK3dVehTrk\x64\Debug\CMK3dVehTrk.lib
            Creating library C:\Users\admin\Desktop\CMK3dVehTrk\x64\Debug\CMK3dVehTrkAPI.lib and object C:\Users\admin\Desktop\CMK3dVehTrk\x64\Debug\CMK3dVehTrkAPI.exp
         CMK3dVehTrkAPI.vcxproj -> C:\Users\admin\Desktop\CMK3dVehTrk\x64\Debug\CMK3dVehTrkAPI.exe
       FinalizeBuildStatus:
         Deleting file "x64\Debug\CMK3dVehTrkAPI.unsuccessfulbuild".
         Touching "x64\Debug\CMK3dVehTrkAPI.lastbuildstate".
     1>Done Building Project "C:\Users\admin\Desktop\CMK3dVehTrk\CMK3dVehTrkAPI\CMK3dVehTrkAPI.vcxproj" (rebuild target(s)).

Build succeeded.

Time Elapsed 00:00:04.63
