C:\USERS\ADMIN\DESKTOP\CMK3DVEHTRK\CMK3DVEHTRK\X64\RELEASE\BASICBGSUB.OBJ
C:\Users\admin\Desktop\CMK3dVehTrk\CMK3dVehTrk\x64\Release\cl.command.1.tlog
C:\Users\admin\Desktop\CMK3dVehTrk\CMK3dVehTrk\x64\Release\CL.read.1.tlog
C:\Users\admin\Desktop\CMK3dVehTrk\CMK3dVehTrk\x64\Release\CL.write.1.tlog
C:\Users\admin\Desktop\CMK3dVehTrk\CMK3dVehTrk\x64\Release\CMK3dVehTrk.write.1.tlog
C:\USERS\ADMIN\DESKTOP\CMK3DVEHTRK\CMK3DVEHTRK\X64\RELEASE\DEFORMABLEMODEL.OBJ
C:\USERS\ADMIN\DESKTOP\CMK3DVEHTRK\CMK3DVEHTRK\X64\RELEASE\FGOBJINFO.OBJ
C:\USERS\ADMIN\DESKTOP\CMK3DVEHTRK\CMK3DVEHTRK\X64\RELEASE\INIFILE.OBJ
C:\USERS\ADMIN\DESKTOP\CMK3DVEHTRK\CMK3DVEHTRK\X64\RELEASE\KALMANFILTER.OBJ
C:\USERS\ADMIN\DESKTOP\CMK3DVEHTRK\CMK3DVEHTRK\X64\RELEASE\KERNELTRACKER.OBJ
C:\Users\admin\Desktop\CMK3dVehTrk\CMK3dVehTrk\x64\Release\lib.command.1.tlog
C:\Users\admin\Desktop\CMK3dVehTrk\CMK3dVehTrk\x64\Release\Lib-link.read.1.tlog
C:\Users\admin\Desktop\CMK3dVehTrk\CMK3dVehTrk\x64\Release\Lib-link.write.1.tlog
C:\USERS\ADMIN\DESKTOP\CMK3DVEHTRK\CMK3DVEHTRK\X64\RELEASE\LOGTOOL.OBJ
C:\USERS\ADMIN\DESKTOP\CMK3DVEHTRK\CMK3DVEHTRK\X64\RELEASE\SEGMENTATION.OBJ
C:\USERS\ADMIN\DESKTOP\CMK3DVEHTRK\CMK3DVEHTRK\X64\RELEASE\SHAPEFITTING.OBJ
C:\USERS\ADMIN\DESKTOP\CMK3DVEHTRK\CMK3DVEHTRK\X64\RELEASE\TRACKER.OBJ
C:\USERS\ADMIN\DESKTOP\CMK3DVEHTRK\CMK3DVEHTRK\X64\RELEASE\TRACKING.OBJ
C:\USERS\ADMIN\DESKTOP\CMK3DVEHTRK\CMK3DVEHTRK\X64\RELEASE\VC100.PDB
C:\USERS\ADMIN\DESKTOP\CMK3DVEHTRK\CMK3DVEHTRK\X64\RELEASE\VEHICLESHAPEFITTING.OBJ
C:\USERS\ADMIN\DESKTOP\CMK3DVEHTRK\X64\RELEASE\CMK3DVEHTRK.LIB
